[14-Jun-2016 12:01:44 UTC] - Info: Module SuiviClient loaded.
[14-Jun-2016 12:08:22 UTC] - Info: Module Planning loaded.
[14-Jun-2016 12:11:53 UTC] - Info: Module SuiviClient loaded.
[14-Jun-2016 12:19:31 UTC] - Info: Module SuiviClient loaded.
[14-Jun-2016 13:47:11 UTC] - Info: Module SuiviClient loaded.
[14-Jun-2016 14:05:20 UTC] - Info: Module Planning loaded.
[14-Jun-2016 14:06:03 UTC] - Info: Module Planning loaded.
[14-Jun-2016 14:06:12 UTC] - Info: Module Planning loaded.
[14-Jun-2016 14:06:39 UTC] - Info: Module Planning loaded.
[14-Jun-2016 14:06:51 UTC] - Info: Module Planning loaded.
[14-Jun-2016 14:07:03 UTC] - Info: Module Planning loaded.
[14-Jun-2016 14:07:04 UTC] - Info: Module Planning loaded.
[14-Jun-2016 14:07:04 UTC] - Info: Module Planning loaded.
[14-Jun-2016 14:07:04 UTC] - Info: Module Planning loaded.
[14-Jun-2016 14:07:31 UTC] - Info: Module Planning loaded.
[14-Jun-2016 14:07:47 UTC] - Info: Module SuiviClient loaded.
[14-Jun-2016 14:08:04 UTC] - Info: Module Planning loaded.
[14-Jun-2016 14:08:47 UTC] - Info: Module Planning loaded.
[14-Jun-2016 14:09:22 UTC] - Info: Module Planning loaded.
[14-Jun-2016 14:09:26 UTC] - Info: Module Planning loaded.
[14-Jun-2016 14:09:34 UTC] - Info: Module Planning loaded.
[14-Jun-2016 14:09:45 UTC] - Info: Module Planning loaded.
[14-Jun-2016 14:09:48 UTC] - Info: Module Planning loaded.
[14-Jun-2016 14:09:51 UTC] - Info: Module Planning loaded.
[14-Jun-2016 14:10:22 UTC] - Info: Module Planning loaded.
[14-Jun-2016 14:14:54 UTC] - Info: Module Planning loaded.
[14-Jun-2016 14:14:59 UTC] - Info: Module SuiviClient loaded.
[14-Jun-2016 14:15:02 UTC] - Info: Module SuiviClient loaded.
[14-Jun-2016 14:16:51 UTC] - Info: Module Planning loaded.
[14-Jun-2016 14:23:31 UTC] - Info: Module Planning loaded.
[14-Jun-2016 14:32:56 UTC] - Info: Module Planning loaded.
[14-Jun-2016 14:38:24 UTC] - Info: Module SuiviClient loaded.
[14-Jun-2016 14:40:47 UTC] - Info: Module SuiviClient loaded.
[14-Jun-2016 14:41:03 UTC] - Info: Module Planning loaded.
[14-Jun-2016 14:42:42 UTC] - Info: Module Planning loaded.
[14-Jun-2016 14:44:18 UTC] - Info: Module Planning loaded.
[14-Jun-2016 14:44:26 UTC] - Info: Module SuiviClient loaded.
[14-Jun-2016 14:45:06 UTC] - Info: Module SuiviClient loaded.
[14-Jun-2016 14:45:08 UTC] - Info: Module Planning loaded.
[14-Jun-2016 14:45:14 UTC] - Info: Module Planning loaded.
[14-Jun-2016 14:45:26 UTC] - Info: Module Planning loaded.
[14-Jun-2016 14:45:39 UTC] - Info: Module Planning loaded.
[14-Jun-2016 14:51:18 UTC] - Info: Module Planning loaded.
[14-Jun-2016 14:52:12 UTC] - Info: Module Planning loaded.
[14-Jun-2016 14:52:38 UTC] - Info: Module Planning loaded.
[15-Jun-2016 07:10:35 UTC] - Info: Module SuiviClient loaded.
[15-Jun-2016 08:19:22 UTC] - Info: Module Planning loaded.
[15-Jun-2016 08:19:36 UTC] - Info: Module Planning loaded.
[15-Jun-2016 08:21:33 UTC] - Info: Module SuiviClient loaded.
[15-Jun-2016 08:21:36 UTC] - Info: Module SuiviClient loaded.
[15-Jun-2016 08:32:02 UTC] - Info: Module Planning loaded.
[15-Jun-2016 09:03:51 UTC] - Info: Module Planning loaded.
[15-Jun-2016 09:20:02 UTC] - Info: Module Planning loaded.
[15-Jun-2016 09:29:48 UTC] - Info: Module Planning loaded.
[15-Jun-2016 09:30:45 UTC] - Info: Module Planning loaded.
[15-Jun-2016 09:31:19 UTC] - Info: Module SuiviClient loaded.
[15-Jun-2016 12:09:51 UTC] - Info: Module SuiviClient loaded.
[15-Jun-2016 12:10:59 UTC] - Info: Module SuiviClient loaded.
[15-Jun-2016 12:31:43 UTC] - Info: Module Planning loaded.
[15-Jun-2016 13:00:20 UTC] - Info: Module SuiviClient loaded.
[16-Jun-2016 08:01:59 UTC] - Info: Module SuiviClient loaded.
[16-Jun-2016 12:19:55 UTC] - Info: Module SuiviClient loaded.
[17-Jun-2016 08:15:07 UTC] - Info: Module SuiviClient loaded.
[17-Jun-2016 09:52:59 UTC] - Info: avant: 7
[17-Jun-2016 09:52:59 UTC] - Info: restant: 2
[17-Jun-2016 09:52:59 UTC] - Info: avant: 7
[17-Jun-2016 09:52:59 UTC] - Info: restant: 2
[17-Jun-2016 09:52:59 UTC] - Info: avant: 7
[17-Jun-2016 09:52:59 UTC] - Info: restant: 2
[17-Jun-2016 09:52:59 UTC] - Info: avant: 5
[17-Jun-2016 09:52:59 UTC] - Info: restant: 2
[17-Jun-2016 09:52:59 UTC] - Info: avant: 7
[17-Jun-2016 09:52:59 UTC] - Info: restant: 2
[17-Jun-2016 09:53:09 UTC] - Info: avant: 7
[17-Jun-2016 09:53:09 UTC] - Info: restant: 2
[17-Jun-2016 09:53:09 UTC] - Info: avant: 7
[17-Jun-2016 09:53:09 UTC] - Info: restant: 2
[17-Jun-2016 09:53:09 UTC] - Info: avant: 7
[17-Jun-2016 09:53:09 UTC] - Info: restant: 2
[17-Jun-2016 09:53:09 UTC] - Info: avant: 5
[17-Jun-2016 09:53:09 UTC] - Info: restant: 2
[17-Jun-2016 09:53:09 UTC] - Info: avant: 7
[17-Jun-2016 09:53:09 UTC] - Info: restant: 2
[17-Jun-2016 09:56:56 UTC] - Info: -3
[17-Jun-2016 09:56:56 UTC] - Info: -3
[17-Jun-2016 09:56:56 UTC] - Info: -3
[17-Jun-2016 09:56:56 UTC] - Info: -3
[17-Jun-2016 09:56:56 UTC] - Info: -3
[17-Jun-2016 09:56:56 UTC] - Info: -3
[17-Jun-2016 09:56:56 UTC] - Info: -3
[17-Jun-2016 09:56:56 UTC] - Info: -3
[17-Jun-2016 09:56:56 UTC] - Info: -3
[17-Jun-2016 09:56:56 UTC] - Info: -3
[17-Jun-2016 09:57:17 UTC] - Info: avant: 4
[17-Jun-2016 09:57:17 UTC] - Info: restant: -1
[17-Jun-2016 09:57:17 UTC] - Info: avant: 4
[17-Jun-2016 09:57:17 UTC] - Info: restant: -1
[17-Jun-2016 09:57:17 UTC] - Info: avant: 4
[17-Jun-2016 09:57:17 UTC] - Info: restant: -1
[17-Jun-2016 09:57:17 UTC] - Info: avant: 2
[17-Jun-2016 09:57:17 UTC] - Info: restant: -1
[17-Jun-2016 09:57:17 UTC] - Info: avant: 4
[17-Jun-2016 09:57:17 UTC] - Info: restant: -1
[17-Jun-2016 09:58:35 UTC] - Info: avant: 1
[17-Jun-2016 09:58:35 UTC] - Info: restant: 1
[17-Jun-2016 09:58:35 UTC] - Info: avant: 1
[17-Jun-2016 09:58:35 UTC] - Info: restant: 1
[17-Jun-2016 09:58:35 UTC] - Info: avant: 1
[17-Jun-2016 09:58:35 UTC] - Info: restant: 1
[17-Jun-2016 09:58:35 UTC] - Info: avant: 
[17-Jun-2016 09:58:35 UTC] - Info: restant: 1
[17-Jun-2016 09:58:35 UTC] - Info: avant: 1
[17-Jun-2016 09:58:35 UTC] - Info: restant: 1
[17-Jun-2016 09:59:14 UTC] - Info: 1
[17-Jun-2016 09:59:14 UTC] - Info: 1
[17-Jun-2016 09:59:14 UTC] - Info: 1
[17-Jun-2016 09:59:14 UTC] - Info: 1
[17-Jun-2016 09:59:14 UTC] - Info: 1
[17-Jun-2016 09:59:14 UTC] - Info: 1
[17-Jun-2016 09:59:14 UTC] - Info: 
[17-Jun-2016 09:59:14 UTC] - Info: 1
[17-Jun-2016 09:59:14 UTC] - Info: 1
[17-Jun-2016 09:59:14 UTC] - Info: 1
[17-Jun-2016 10:00:10 UTC] - Info: 
[17-Jun-2016 10:00:10 UTC] - Info: 1
[17-Jun-2016 10:00:10 UTC] - Info: 
[17-Jun-2016 10:00:10 UTC] - Info: 1
[17-Jun-2016 10:00:10 UTC] - Info: 
[17-Jun-2016 10:00:10 UTC] - Info: 1
[17-Jun-2016 10:00:10 UTC] - Info: 
[17-Jun-2016 10:00:10 UTC] - Info: 1
[17-Jun-2016 10:00:10 UTC] - Info: 
[17-Jun-2016 10:00:10 UTC] - Info: 1
[17-Jun-2016 10:00:40 UTC] - Info: 
[17-Jun-2016 10:00:40 UTC] - Info: 1
[17-Jun-2016 10:00:40 UTC] - Info: 
[17-Jun-2016 10:00:40 UTC] - Info: 1
[17-Jun-2016 10:00:40 UTC] - Info: 
[17-Jun-2016 10:00:40 UTC] - Info: 1
[17-Jun-2016 10:00:40 UTC] - Info: 
[17-Jun-2016 10:00:40 UTC] - Info: 1
[17-Jun-2016 10:00:40 UTC] - Info: 
[17-Jun-2016 10:00:40 UTC] - Info: 1
[17-Jun-2016 10:00:59 UTC] - Info: 
[17-Jun-2016 10:00:59 UTC] - Info: 1
[17-Jun-2016 10:00:59 UTC] - Info: 
[17-Jun-2016 10:00:59 UTC] - Info: 1
[17-Jun-2016 10:00:59 UTC] - Info: 
[17-Jun-2016 10:00:59 UTC] - Info: 1
[17-Jun-2016 10:00:59 UTC] - Info: 
[17-Jun-2016 10:00:59 UTC] - Info: 1
[17-Jun-2016 10:00:59 UTC] - Info: 
[17-Jun-2016 10:00:59 UTC] - Info: 1
[17-Jun-2016 11:37:29 UTC] - Info: 2016-05-18
[17-Jun-2016 11:37:29 UTC] - Info: 1
[17-Jun-2016 11:37:29 UTC] - Info: 2016-05-18
[17-Jun-2016 11:37:29 UTC] - Info: 1
[17-Jun-2016 11:37:29 UTC] - Info: 2016-05-18
[17-Jun-2016 11:37:29 UTC] - Info: 1
[17-Jun-2016 11:37:29 UTC] - Info: 2016-06-15
[17-Jun-2016 11:37:29 UTC] - Info: 1
[17-Jun-2016 11:37:29 UTC] - Info: 2016-05-18
[17-Jun-2016 11:37:29 UTC] - Info: 1
[17-Jun-2016 11:39:42 UTC] - Info: 2016-05-18
[17-Jun-2016 11:39:42 UTC] - Info: 1
[17-Jun-2016 11:39:42 UTC] - Info: 2016-05-18
[17-Jun-2016 11:39:42 UTC] - Info: 1
[17-Jun-2016 11:39:42 UTC] - Info: 2016-05-18
[17-Jun-2016 11:39:42 UTC] - Info: 1
[17-Jun-2016 11:39:43 UTC] - Info: 2016-06-15
[17-Jun-2016 11:39:43 UTC] - Info: 1
[17-Jun-2016 11:39:43 UTC] - Info: 2016-05-18
[17-Jun-2016 11:39:43 UTC] - Info: 1
[17-Jun-2016 11:41:35 UTC] - Info: 2016-05-18
[17-Jun-2016 11:41:35 UTC] - Info: 1
[17-Jun-2016 11:41:35 UTC] - Info: 2016-05-18
[17-Jun-2016 11:41:35 UTC] - Info: 1
[17-Jun-2016 11:41:35 UTC] - Info: 2016-05-18
[17-Jun-2016 11:41:35 UTC] - Info: 1
[17-Jun-2016 11:41:35 UTC] - Info: 2016-06-15
[17-Jun-2016 11:41:35 UTC] - Info: 1
[17-Jun-2016 11:41:35 UTC] - Info: 2016-05-18
[17-Jun-2016 11:41:35 UTC] - Info: 1
[17-Jun-2016 11:42:16 UTC] - Info: 2016-05-18
[17-Jun-2016 11:42:16 UTC] - Info: 1
[17-Jun-2016 11:42:16 UTC] - Info: 2016-05-18
[17-Jun-2016 11:42:16 UTC] - Info: 1
[17-Jun-2016 11:42:16 UTC] - Info: 2016-05-18
[17-Jun-2016 11:42:16 UTC] - Info: 1
[17-Jun-2016 11:42:16 UTC] - Info: 2016-06-15
[17-Jun-2016 11:42:16 UTC] - Info: 1
[17-Jun-2016 11:42:16 UTC] - Info: 2016-05-18
[17-Jun-2016 11:42:16 UTC] - Info: 1
[17-Jun-2016 11:42:29 UTC] - Info: 2016-05-18
[17-Jun-2016 11:42:29 UTC] - Info: 1
[17-Jun-2016 11:42:29 UTC] - Info: 2016-05-18
[17-Jun-2016 11:42:29 UTC] - Info: 1
[17-Jun-2016 11:42:29 UTC] - Info: 2016-05-18
[17-Jun-2016 11:42:29 UTC] - Info: 1
[17-Jun-2016 11:42:29 UTC] - Info: 2016-06-15
[17-Jun-2016 11:42:29 UTC] - Info: 1
[17-Jun-2016 11:42:29 UTC] - Info: 2016-05-18
[17-Jun-2016 11:42:29 UTC] - Info: 1
[17-Jun-2016 11:42:46 UTC] - Info: 2016-05-18
[17-Jun-2016 11:42:46 UTC] - Info: 1
[17-Jun-2016 11:42:46 UTC] - Info: 2016-05-18
[17-Jun-2016 11:42:46 UTC] - Info: 1
[17-Jun-2016 11:42:46 UTC] - Info: 2016-05-18
[17-Jun-2016 11:42:46 UTC] - Info: 1
[17-Jun-2016 11:42:46 UTC] - Info: 2016-06-15
[17-Jun-2016 11:42:46 UTC] - Info: 1
[17-Jun-2016 11:42:46 UTC] - Info: 2016-05-18
[17-Jun-2016 11:42:46 UTC] - Info: 1
[17-Jun-2016 11:43:30 UTC] - Info: 2016-05-18
[17-Jun-2016 11:43:30 UTC] - Info: 1
[17-Jun-2016 11:43:30 UTC] - Info: 2016-05-18
[17-Jun-2016 11:43:30 UTC] - Info: 1
[17-Jun-2016 11:43:30 UTC] - Info: 2016-05-18
[17-Jun-2016 11:43:30 UTC] - Info: 1
[17-Jun-2016 11:43:30 UTC] - Info: 2016-06-15
[17-Jun-2016 11:43:30 UTC] - Info: 1
[17-Jun-2016 11:43:30 UTC] - Info: 2016-05-18
[17-Jun-2016 11:43:30 UTC] - Info: 1
[17-Jun-2016 11:44:33 UTC] - Info: 2016-05-18
[17-Jun-2016 11:44:33 UTC] - Info: 1
[17-Jun-2016 11:44:33 UTC] - Info: 2016-05-18
[17-Jun-2016 11:44:33 UTC] - Info: 1
[17-Jun-2016 11:44:33 UTC] - Info: 2016-05-18
[17-Jun-2016 11:44:33 UTC] - Info: 1
[17-Jun-2016 11:44:33 UTC] - Info: 2016-06-15
[17-Jun-2016 11:44:33 UTC] - Info: 1
[17-Jun-2016 11:44:33 UTC] - Info: 2016-05-18
[17-Jun-2016 11:44:33 UTC] - Info: 1
[17-Jun-2016 11:51:19 UTC] - Info: 2016-05-18
[17-Jun-2016 11:51:19 UTC] - Info: 1
[17-Jun-2016 11:51:19 UTC] - Info: 2016-05-18
[17-Jun-2016 11:51:19 UTC] - Info: 1
[17-Jun-2016 11:51:19 UTC] - Info: 2016-06-12
[17-Jun-2016 11:51:19 UTC] - Info: 1
[17-Jun-2016 11:51:19 UTC] - Info: 2016-05-18
[17-Jun-2016 11:51:19 UTC] - Info: 1
[17-Jun-2016 11:51:19 UTC] - Info: 2016-06-12
[17-Jun-2016 11:51:19 UTC] - Info: 
[17-Jun-2016 11:51:19 UTC] - Info: 2016-06-15
[17-Jun-2016 11:51:19 UTC] - Info: 1
[17-Jun-2016 11:51:19 UTC] - Info: 2016-05-18
[17-Jun-2016 11:51:19 UTC] - Info: 1
[17-Jun-2016 11:51:19 UTC] - Info: 2016-06-15
[17-Jun-2016 11:51:19 UTC] - Info: 
[17-Jun-2016 11:51:19 UTC] - Info: 2016-05-18
[17-Jun-2016 11:51:19 UTC] - Info: 
[17-Jun-2016 11:51:45 UTC] - Info: 2016-05-18
[17-Jun-2016 11:51:45 UTC] - Info: 1
[17-Jun-2016 11:51:45 UTC] - Info: 2016-05-18
[17-Jun-2016 11:51:45 UTC] - Info: 1
[17-Jun-2016 11:51:45 UTC] - Info: 2016-06-12
[17-Jun-2016 11:51:45 UTC] - Info: 1
[17-Jun-2016 11:51:45 UTC] - Info: 2016-05-18
[17-Jun-2016 11:51:45 UTC] - Info: 1
[17-Jun-2016 11:51:45 UTC] - Info: 2016-06-12
[17-Jun-2016 11:51:45 UTC] - Info: 
[17-Jun-2016 11:51:45 UTC] - Info: 2016-06-15
[17-Jun-2016 11:51:45 UTC] - Info: 1
[17-Jun-2016 11:51:45 UTC] - Info: 2016-05-18
[17-Jun-2016 11:51:45 UTC] - Info: 1
[17-Jun-2016 11:51:45 UTC] - Info: 2016-06-15
[17-Jun-2016 11:51:45 UTC] - Info: 
[17-Jun-2016 11:51:45 UTC] - Info: 2016-05-18
[17-Jun-2016 11:51:45 UTC] - Info: 
[22-Jun-2016 08:51:13 UTC] - Info: Module SuiviClient loaded.
[22-Jun-2016 14:07:56 UTC] - Info: Module SuiviClient loaded.
[22-Jun-2016 14:23:04 UTC] - Info: Module SuiviClient loaded.
[22-Jun-2016 15:14:55 UTC] - Info: Module SuiviClient loaded.
[22-Jun-2016 15:15:10 UTC] - Info: Module SuiviClient loaded.
[22-Jun-2016 15:16:29 UTC] - Info: Module SuiviClient loaded.
[22-Jun-2016 15:19:50 UTC] - Info: Module GestionUtilisateur loaded.
[22-Jun-2016 15:19:52 UTC] - Info: Module GestionUtilisateur loaded.
[23-Jun-2016 06:06:22 UTC] - Info: Module SuiviClient loaded.
[23-Jun-2016 06:06:41 UTC] - Info: Module SuiviClient loaded.
[23-Jun-2016 06:06:52 UTC] - Info: Module SuiviClient loaded.
[23-Jun-2016 06:06:54 UTC] - Info: Module GestionUtilisateur loaded.
[23-Jun-2016 08:09:47 UTC] - Info: Module SuiviClient loaded.
[23-Jun-2016 11:42:31 UTC] - Info: Module GestionUtilisateur loaded.
[23-Jun-2016 11:42:33 UTC] - Info: Module GestionUtilisateur loaded.
[23-Jun-2016 12:46:32 UTC] - Info: Module SuiviClient loaded.
[23-Jun-2016 13:23:54 UTC] - Info: Module SuiviClient loaded.
[23-Jun-2016 13:29:23 UTC] - Info: Module SuiviClient loaded.
[23-Jun-2016 13:39:05 UTC] - Info: Module SuiviClient loaded.
[23-Jun-2016 13:42:27 UTC] - Info: Module SuiviClient loaded.
[23-Jun-2016 13:42:33 UTC] - Info: Module SuiviClient loaded.
[23-Jun-2016 13:43:17 UTC] - Info: Module SuiviClient loaded.
[23-Jun-2016 13:43:18 UTC] - Info: Module SuiviClient loaded.
[23-Jun-2016 14:37:06 UTC] - Info: Module GestionUtilisateur loaded.
[23-Jun-2016 14:37:39 UTC] - Info: Module GestionUtilisateur loaded.
[24-Jun-2016 08:14:07 UTC] - Info: Module GestionUtilisateur loaded.
[24-Jun-2016 08:16:02 UTC] - Info: Module SuiviClient loaded.
[24-Jun-2016 08:18:39 UTC] - Info: Module GestionUtilisateur loaded.
[24-Jun-2016 08:18:41 UTC] - Info: Module GestionUtilisateur loaded.
[24-Jun-2016 08:58:28 UTC] - Info: Module SuiviClient loaded.
[24-Jun-2016 09:19:41 UTC] - Info: Module GestionUtilisateur loaded.
[24-Jun-2016 09:25:29 UTC] - Info: Module SuiviClient loaded.
[24-Jun-2016 09:25:42 UTC] - Info: Module SuiviClient loaded.
[24-Jun-2016 09:27:06 UTC] - Info: Module SuiviClient loaded.
[24-Jun-2016 12:35:00 UTC] - Info: Module GestionUtilisateur loaded.
[24-Jun-2016 12:35:41 UTC] - Info: Module GestionUtilisateur loaded.
[27-Jun-2016 06:44:17 UTC] - Info: Module GestionUtilisateur loaded.
[27-Jun-2016 06:45:28 UTC] - Info: Module GestionUtilisateur loaded.
[27-Jun-2016 06:47:45 UTC] - Info: Module GestionUtilisateur loaded.
[27-Jun-2016 06:47:56 UTC] - Info: Module GestionUtilisateur loaded.
[27-Jun-2016 07:02:21 UTC] - Info: Module GestionUtilisateur loaded.
[27-Jun-2016 07:04:32 UTC] - Info: Module GestionUtilisateur loaded.
[27-Jun-2016 07:05:37 UTC] - Info: Module GestionUtilisateur loaded.
[27-Jun-2016 08:44:31 UTC] - Info: Module GestionUtilisateur loaded.
[27-Jun-2016 08:45:34 UTC] - Info: Module GestionUtilisateur loaded.
[27-Jun-2016 09:43:21 UTC] - Info: Module GestionUtilisateur loaded.
[27-Jun-2016 12:44:51 UTC] - Info: Module GestionUtilisateur loaded.
[27-Jun-2016 14:13:00 UTC] - Info: Module GestionUtilisateur loaded.
[28-Jun-2016 06:55:48 UTC] - Info: Module GestionUtilisateur loaded.
[28-Jun-2016 11:58:48 UTC] - Info: Module ModuleTemplate loaded.
[28-Jun-2016 11:58:50 UTC] - Info: Module ModuleTemplate loaded.
[28-Jun-2016 11:59:01 UTC] - Info: Module ModuleTemplate loaded.
[28-Jun-2016 12:59:55 UTC] - Info: Module SubModuleTemplate loaded.
[28-Jun-2016 12:59:57 UTC] - Info: Module ModuleTemplate loaded.
[28-Jun-2016 12:59:59 UTC] - Info: Module ModuleTemplate loaded.
[28-Jun-2016 13:00:00 UTC] - Info: Module SubModuleTemplate loaded.
